Arguments: 
  /usr/local/bin/node /usr/local/Cellar/yarn/1.22.15/libexec/bin/yarn.js add nodemon puppeteet

PATH: 
  /Users/acf/.daml/bin:/Library/Frameworks/Python.framework/Versions/3.9/bin:/usr/local/bin:/usr/bin:/bin:/usr/sbin:/sbin:/Users/acf/Library/Android/sdk/platform-tools:/Users/acf/.daml/bin:/Library/Frameworks/Python.framework/Versions/3.9/bin:/Users/acf/Library/Android/sdk/emulator:/Users/acf/Library/Android/sdk/tools:/Users/acf/Library/Android/sdk/tools/bin:/Users/acf/Library/Android/sdk/emulator:/Users/acf/Library/Android/sdk/tools:/Users/acf/Library/Android/sdk/tools/bin:/Users/acf/Library/Android/sdk/platform-tools

Yarn version: 
  1.22.15

Node version: 
  14.16.1

Platform: 
  darwin x64

Trace: 
  Error: https://registry.yarnpkg.com/puppeteet: Not found
      at Request.params.callback [as _callback] (/usr/local/Cellar/yarn/1.22.15/libexec/lib/cli.js:67031:18)
      at Request.self.callback (/usr/local/Cellar/yarn/1.22.15/libexec/lib/cli.js:140885:22)
      at Request.emit (events.js:315:20)
      at Request.<anonymous> (/usr/local/Cellar/yarn/1.22.15/libexec/lib/cli.js:141857:10)
      at Request.emit (events.js:315:20)
      at IncomingMessage.<anonymous> (/usr/local/Cellar/yarn/1.22.15/libexec/lib/cli.js:141779:12)
      at Object.onceWrapper (events.js:421:28)
      at IncomingMessage.emit (events.js:327:22)
      at endReadableNT (internal/streams/readable.js:1327:12)
      at processTicksAndRejections (internal/process/task_queues.js:80:21)

npm manifest: 
  {
    "name": "mm-scrapper",
    "version": "1.0.0",
    "description": "scrapper for mm",
    "main": "index.js",
    "scripts": {
      "test": "echo \"Error: no test specified\" && exit 1",
      "start": "nodemon index.js"
    },
    "author": "",
    "license": "ISC"
  }

yarn manifest: 
  No manifest

Lockfile: 
  No lockfile
